2021-06-24 16:47:15,203 INFO o.s.b.StartupInfoLogger [main] Starting NceGdashboardApplication on hanjiahao-MacBook-Pro.local with PID 24016 (/Users/hanjiahao/Documents/workspace/nce-gdashboard/gateway-portal-backend/target/classes started by hanjiahao in /Users/hanjiahao/Documents/workspace/nce-gdashboard)
2021-06-24 16:47:15,213 INFO o.s.b.SpringApplication [main] No active profile set, falling back to default profiles: default
2021-06-24 16:47:15,486 INFO o.s.c.s.AbstractApplicationContext [main] Refreshing org.springframework.boot.context.embedded.AnnotationConfigEmbeddedWebApplicationContext@6492fab5: startup date [Thu Jun 24 16:47:15 CST 2021]; root of context hierarchy
2021-06-24 16:47:15,882 INFO o.h.v.i.u.Version [background-preinit] HV000001: Hibernate Validator 5.3.5.Final
2021-06-24 16:47:17,005 INFO o.s.b.f.x.XmlBeanDefinitionReader [main] Loading XML bean definitions from class path resource [applicationContext.xml]
2021-06-24 16:47:19,386 INFO o.s.b.c.e.t.TomcatEmbeddedServletContainer [main] Tomcat initialized with port(s): 8898 (http)
2021-06-24 16:47:19,410 INFO o.a.j.l.DirectJDKLog [main] Starting service [Tomcat]
2021-06-24 16:47:19,411 INFO o.a.j.l.DirectJDKLog [main] Starting Servlet Engine: Apache Tomcat/8.5.15
2021-06-24 16:47:19,672 INFO o.a.j.l.DirectJDKLog [localhost-startStop-1] Initializing Spring embedded WebApplicationContext
2021-06-24 16:47:19,674 INFO o.s.b.c.e.EmbeddedWebApplicationContext [localhost-startStop-1] Root WebApplicationContext: initialization completed in 4191 ms
2021-06-24 16:47:20,121 INFO o.s.b.w.s.AbstractFilterRegistrationBean [localhost-startStop-1] Mapping filter: 'characterEncodingFilter' to: [/*]
2021-06-24 16:47:20,124 INFO o.s.b.w.s.AbstractFilterRegistrationBean [localhost-startStop-1] Mapping filter: 'hiddenHttpMethodFilter' to: [/*]
2021-06-24 16:47:20,125 INFO o.s.b.w.s.AbstractFilterRegistrationBean [localhost-startStop-1] Mapping filter: 'httpPutFormContentFilter' to: [/*]
2021-06-24 16:47:20,125 INFO o.s.b.w.s.AbstractFilterRegistrationBean [localhost-startStop-1] Mapping filter: 'requestContextFilter' to: [/*]
2021-06-24 16:47:20,125 INFO o.s.b.w.s.AbstractFilterRegistrationBean [localhost-startStop-1] Mapping filter: 'RequestContextHolderFilter' to urls: [/*]
2021-06-24 16:47:20,125 INFO o.s.b.w.s.AbstractFilterRegistrationBean [localhost-startStop-1] Mapping filter: 'LogUUIDFilter' to urls: [/*]
2021-06-24 16:47:20,125 INFO o.s.b.w.s.AbstractFilterRegistrationBean [localhost-startStop-1] Mapping filter: 'ProjectTraceFilter' to urls: [/*]
2021-06-24 16:47:20,126 INFO o.s.b.w.s.ServletRegistrationBean [localhost-startStop-1] Mapping servlet: 'dispatcherServlet' to [/]
2021-06-24 16:47:20,128 INFO o.s.b.w.s.ServletRegistrationBean [localhost-startStop-1] Mapping servlet: 'webServlet' to [/h2/*]
2021-06-24 16:47:20,905 INFO o.h.m.TraceWriterAdapter [main] jdbc[4] 
/*SQL */SET MODE MYSQL;
2021-06-24 16:47:20,906 INFO o.h.m.TraceWriterAdapter [main] jdbc[4] 
/*SQL */SET TRACE_LEVEL_SYSTEM_OUT 3;
2021-06-24 16:47:20,907 INFO o.h.m.TraceWriterAdapter [main] jdbc[4] 
/*SQL */SET TRACE_LEVEL_FILE 4;
2021-06-24 16:47:20,908 INFO o.h.m.TraceWriterAdapter [main] jdbc[4] 
/*SQL */SET DB_CLOSE_DELAY -1;
2021-06-24 16:47:20,908 INFO o.h.m.TraceWriterAdapter [main] jdbc[4] 
/**/Connection conn1 = DriverManager.getConnection("jdbc:h2:mem:test;DB_CLOSE_DELAY=-1;DB_CLOSE_ON_EXIT=false;MODE=MYSQL;TRACE_LEVEL_FIle=4;TRACE_LEVEL_SYSTEM_OUT=3", "SA", "");
2021-06-24 16:47:20,909 INFO o.h.m.TraceWriterAdapter [main] jdbc[5] 
/*SQL */SET MODE MYSQL;
2021-06-24 16:47:20,909 INFO o.h.m.TraceWriterAdapter [main] jdbc[5] 
/*SQL */SET TRACE_LEVEL_SYSTEM_OUT 3;
2021-06-24 16:47:20,909 INFO o.h.m.TraceWriterAdapter [main] jdbc[5] 
/*SQL */SET TRACE_LEVEL_FILE 4;
2021-06-24 16:47:20,909 INFO o.h.m.TraceWriterAdapter [main] jdbc[5] 
/*SQL */SET DB_CLOSE_DELAY -1;
2021-06-24 16:47:20,910 INFO o.h.m.TraceWriterAdapter [main] jdbc[5] 
/**/Connection conn2 = DriverManager.getConnection("jdbc:h2:mem:test;DB_CLOSE_DELAY=-1;DB_CLOSE_ON_EXIT=false;MODE=MYSQL;TRACE_LEVEL_FIle=4;TRACE_LEVEL_SYSTEM_OUT=3", "SA", "");
2021-06-24 16:47:20,910 INFO o.h.m.TraceWriterAdapter [main] jdbc[6] 
/*SQL */SET MODE MYSQL;
2021-06-24 16:47:20,911 INFO o.h.m.TraceWriterAdapter [main] jdbc[6] 
/*SQL */SET TRACE_LEVEL_SYSTEM_OUT 3;
2021-06-24 16:47:20,911 INFO o.h.m.TraceWriterAdapter [main] jdbc[6] 
/*SQL */SET TRACE_LEVEL_FILE 4;
2021-06-24 16:47:20,911 INFO o.h.m.TraceWriterAdapter [main] jdbc[6] 
/*SQL */SET DB_CLOSE_DELAY -1;
2021-06-24 16:47:20,911 INFO o.h.m.TraceWriterAdapter [main] jdbc[6] 
/**/Connection conn3 = DriverManager.getConnection("jdbc:h2:mem:test;DB_CLOSE_DELAY=-1;DB_CLOSE_ON_EXIT=false;MODE=MYSQL;TRACE_LEVEL_FIle=4;TRACE_LEVEL_SYSTEM_OUT=3", "SA", "");
2021-06-24 16:47:20,913 INFO o.h.m.TraceWriterAdapter [main] jdbc[7] 
/*SQL */SET MODE MYSQL;
2021-06-24 16:47:20,913 INFO o.h.m.TraceWriterAdapter [main] jdbc[7] 
/*SQL */SET TRACE_LEVEL_SYSTEM_OUT 3;
2021-06-24 16:47:20,914 INFO o.h.m.TraceWriterAdapter [main] jdbc[7] 
/*SQL */SET TRACE_LEVEL_FILE 4;
2021-06-24 16:47:20,914 INFO o.h.m.TraceWriterAdapter [main] jdbc[7] 
/*SQL */SET DB_CLOSE_DELAY -1;
2021-06-24 16:47:20,914 INFO o.h.m.TraceWriterAdapter [main] jdbc[7] 
/**/Connection conn4 = DriverManager.getConnection("jdbc:h2:mem:test;DB_CLOSE_DELAY=-1;DB_CLOSE_ON_EXIT=false;MODE=MYSQL;TRACE_LEVEL_FIle=4;TRACE_LEVEL_SYSTEM_OUT=3", "SA", "");
2021-06-24 16:47:20,915 INFO o.h.m.TraceWriterAdapter [main] jdbc[8] 
/*SQL */SET MODE MYSQL;
2021-06-24 16:47:20,915 INFO o.h.m.TraceWriterAdapter [main] jdbc[8] 
/*SQL */SET TRACE_LEVEL_SYSTEM_OUT 3;
2021-06-24 16:47:20,915 INFO o.h.m.TraceWriterAdapter [main] jdbc[8] 
/*SQL */SET TRACE_LEVEL_FILE 4;
2021-06-24 16:47:20,915 INFO o.h.m.TraceWriterAdapter [main] jdbc[8] 
/*SQL */SET DB_CLOSE_DELAY -1;
2021-06-24 16:47:20,915 INFO o.h.m.TraceWriterAdapter [main] jdbc[8] 
/**/Connection conn5 = DriverManager.getConnection("jdbc:h2:mem:test;DB_CLOSE_DELAY=-1;DB_CLOSE_ON_EXIT=false;MODE=MYSQL;TRACE_LEVEL_FIle=4;TRACE_LEVEL_SYSTEM_OUT=3", "SA", "");
2021-06-24 16:47:20,916 INFO o.h.m.TraceWriterAdapter [main] jdbc[9] 
/*SQL */SET MODE MYSQL;
2021-06-24 16:47:20,917 INFO o.h.m.TraceWriterAdapter [main] jdbc[9] 
/*SQL */SET TRACE_LEVEL_SYSTEM_OUT 3;
2021-06-24 16:47:20,917 INFO o.h.m.TraceWriterAdapter [main] jdbc[9] 
/*SQL */SET TRACE_LEVEL_FILE 4;
2021-06-24 16:47:20,918 INFO o.h.m.TraceWriterAdapter [main] jdbc[9] 
/*SQL */SET DB_CLOSE_DELAY -1;
2021-06-24 16:47:20,918 INFO o.h.m.TraceWriterAdapter [main] jdbc[9] 
/**/Connection conn6 = DriverManager.getConnection("jdbc:h2:mem:test;DB_CLOSE_DELAY=-1;DB_CLOSE_ON_EXIT=false;MODE=MYSQL;TRACE_LEVEL_FIle=4;TRACE_LEVEL_SYSTEM_OUT=3", "SA", "");
2021-06-24 16:47:20,919 INFO o.h.m.TraceWriterAdapter [main] jdbc[10] 
/*SQL */SET MODE MYSQL;
2021-06-24 16:47:20,919 INFO o.h.m.TraceWriterAdapter [main] jdbc[10] 
/*SQL */SET TRACE_LEVEL_SYSTEM_OUT 3;
2021-06-24 16:47:20,919 INFO o.h.m.TraceWriterAdapter [main] jdbc[10] 
/*SQL */SET TRACE_LEVEL_FILE 4;
2021-06-24 16:47:20,919 INFO o.h.m.TraceWriterAdapter [main] jdbc[10] 
/*SQL */SET DB_CLOSE_DELAY -1;
2021-06-24 16:47:20,919 INFO o.h.m.TraceWriterAdapter [main] jdbc[10] 
/**/Connection conn7 = DriverManager.getConnection("jdbc:h2:mem:test;DB_CLOSE_DELAY=-1;DB_CLOSE_ON_EXIT=false;MODE=MYSQL;TRACE_LEVEL_FIle=4;TRACE_LEVEL_SYSTEM_OUT=3", "SA", "");
2021-06-24 16:47:20,920 INFO o.h.m.TraceWriterAdapter [main] jdbc[11] 
/*SQL */SET MODE MYSQL;
2021-06-24 16:47:20,920 INFO o.h.m.TraceWriterAdapter [main] jdbc[11] 
/*SQL */SET TRACE_LEVEL_SYSTEM_OUT 3;
2021-06-24 16:47:20,920 INFO o.h.m.TraceWriterAdapter [main] jdbc[11] 
/*SQL */SET TRACE_LEVEL_FILE 4;
2021-06-24 16:47:20,921 INFO o.h.m.TraceWriterAdapter [main] jdbc[11] 
/*SQL */SET DB_CLOSE_DELAY -1;
2021-06-24 16:47:20,921 INFO o.h.m.TraceWriterAdapter [main] jdbc[11] 
/**/Connection conn8 = DriverManager.getConnection("jdbc:h2:mem:test;DB_CLOSE_DELAY=-1;DB_CLOSE_ON_EXIT=false;MODE=MYSQL;TRACE_LEVEL_FIle=4;TRACE_LEVEL_SYSTEM_OUT=3", "SA", "");
2021-06-24 16:47:20,921 INFO o.h.m.TraceWriterAdapter [main] jdbc[12] 
/*SQL */SET MODE MYSQL;
2021-06-24 16:47:20,922 INFO o.h.m.TraceWriterAdapter [main] jdbc[12] 
/*SQL */SET TRACE_LEVEL_SYSTEM_OUT 3;
2021-06-24 16:47:20,923 INFO o.h.m.TraceWriterAdapter [main] jdbc[12] 
/*SQL */SET TRACE_LEVEL_FILE 4;
2021-06-24 16:47:20,923 INFO o.h.m.TraceWriterAdapter [main] jdbc[12] 
/*SQL */SET DB_CLOSE_DELAY -1;
2021-06-24 16:47:20,923 INFO o.h.m.TraceWriterAdapter [main] jdbc[12] 
/**/Connection conn9 = DriverManager.getConnection("jdbc:h2:mem:test;DB_CLOSE_DELAY=-1;DB_CLOSE_ON_EXIT=false;MODE=MYSQL;TRACE_LEVEL_FIle=4;TRACE_LEVEL_SYSTEM_OUT=3", "SA", "");
2021-06-24 16:47:20,944 INFO o.s.j.d.i.ScriptUtils [main] Executing SQL script from class path resource [schema.sql]
2021-06-24 16:47:20,965 INFO o.h.m.TraceWriterAdapter [main] jdbc[12] 
/*SQL t:3*/CREATE TABLE IF NOT EXISTS SH_LEAGUE_CONTACT_TEAM_ROLE(ROLE_NAME VARCHAR NOT NULL, TEAM_ID INT NOT NULL, CONTACT_ID INT NOT NULL, PRIMARY KEY(TEAM_ID, CONTACT_ID));
2021-06-24 16:47:20,977 INFO o.h.m.TraceWriterAdapter [main] jdbc[12] 
/*SQL t:9*/CREATE TABLE IF NOT EXISTS apigw_envoy_health_check_rule ( id bigint NOT NULL GENERATED BY DEFAULT AS IDENTITY, create_time bigint NOT NULL, update_time bigint NOT NULL, service_id bigint NOT NULL, gw_id bigint NOT NULL, active_switch tinyint NOT NULL, path varchar(255) DEFAULT '', timeout int DEFAULT NULL, expected_statuses varchar(255) DEFAULT '', healthy_interval int DEFAULT NULL, healthy_threshold int DEFAULT NULL, unhealthy_interval int DEFAULT NULL, unhealthy_threshold int DEFAULT NULL, passive_switch tinyint NOT NULL, consecutive_errors int DEFAULT NULL, base_ejection_time int DEFAULT NULL, max_ejection_percent tinyint DEFAULT NULL, min_health_percent tinyint DEFAULT NULL, PRIMARY KEY (id), CONSTRAINT unique_service_gw_id UNIQUE ( service_id, gw_id ) );
2021-06-24 16:47:20,980 INFO o.h.m.TraceWriterAdapter [main] jdbc[12] 
/*SQL */CREATE INDEX IF NOT EXISTS index_service_gw_id ON apigw_envoy_health_check_rule(service_id, gw_id);
2021-06-24 16:47:20,983 INFO o.h.m.TraceWriterAdapter [main] jdbc[12] 
/*SQL t:1*/CREATE TABLE IF NOT EXISTS apigw_envoy_plugin_binding ( id bigint NOT NULL GENERATED BY DEFAULT AS IDENTITY, plugin_type varchar(255) NOT NULL, binding_object_type varchar(255) NOT NULL, binding_object_id varchar(255) NOT NULL, plugin_configuration clob NOT NULL, create_time bigint NOT NULL, update_time bigint NOT NULL, gw_id bigint NOT NULL, project_id bigint NOT NULL, plugin_priority bigint NOT NULL, binding_status varchar(127) NOT NULL DEFAULT 'enable', template_id bigint DEFAULT '0', template_version bigint DEFAULT '0', PRIMARY KEY (id) );
2021-06-24 16:47:20,989 INFO o.h.m.TraceWriterAdapter [main] jdbc[12] 
/*SQL t:4*/CREATE TABLE IF NOT EXISTS apigw_envoy_plugin_info ( id bigint NOT NULL GENERATED BY DEFAULT AS IDENTITY, plugin_name varchar(255) NOT NULL, plugin_type varchar(255) NOT NULL, author varchar(255) NOT NULL, create_time bigint NOT NULL, update_time bigint NOT NULL, plugin_scope varchar(255) NOT NULL, instruction_for_use clob NOT NULL, plugin_schema clob NOT NULL, plugin_handler clob NOT NULL, plugin_priority bigint NOT NULL, PRIMARY KEY (id) );
2021-06-24 16:47:20,999 INFO o.h.m.TraceWriterAdapter [main] jdbc[12] 
/*SQL t:5*/CREATE TABLE IF NOT EXISTS apigw_envoy_plugin_template ( id number NOT NULL GENERATED BY DEFAULT AS IDENTITY, create_time bigint NOT NULL, update_time bigint NOT NULL, plugin_type varchar(255) NOT NULL, plugin_configuration clob NOT NULL, project_id bigint NOT NULL, template_version bigint NOT NULL, template_name varchar(255) NOT NULL, template_notes varchar(255) DEFAULT NULL, PRIMARY KEY (id) );
2021-06-24 16:47:21,009 INFO o.h.m.TraceWriterAdapter [main] jdbc[12] 
/*SQL t:6*/CREATE TABLE IF NOT EXISTS apigw_envoy_route_rule ( id bigint NOT NULL GENERATED BY DEFAULT AS IDENTITY, service_id varchar(11) DEFAULT NULL, route_rule_name varchar(255) NOT NULL, uri clob, method varchar(1024) DEFAULT NULL, header clob, query_param clob, host varchar(1024) DEFAULT NULL, priority bigint DEFAULT NULL, orders bigint DEFAULT NULL, project_id bigint DEFAULT NULL, publish_status int DEFAULT '0', create_time bigint NOT NULL DEFAULT '0', update_time bigint NOT NULL DEFAULT '0', description varchar(255) DEFAULT NULL, route_rule_source varchar(255) DEFAULT NULL, header_operation varchar(1024) DEFAULT NULL, PRIMARY KEY (id) );
2021-06-24 16:47:21,014 INFO o.h.m.TraceWriterAdapter [main] jdbc[12] 
/*SQL t:2*/CREATE TABLE IF NOT EXISTS apigw_envoy_route_rule_proxy ( id bigint NOT NULL GENERATED BY DEFAULT AS IDENTITY, route_rule_id bigint NOT NULL, gw_id bigint NOT NULL, destination_services varchar(1024) NOT NULL, project_id bigint NOT NULL, priority bigint DEFAULT NULL, orders bigint DEFAULT NULL, create_time bigint NOT NULL DEFAULT '0', update_time bigint NOT NULL DEFAULT '0', service_id bigint DEFAULT NULL, enable_state varchar(10) NOT NULL DEFAULT 'enable', hosts clob, timeout bigint DEFAULT '60000', http_retry clob, uri varchar(1024) DEFAULT NULL, method varchar(1024) DEFAULT NULL, header clob, query_param clob, host varchar(1024) DEFAULT NULL, virtual_cluster clob DEFAULT NULL, PRIMARY KEY (id) );
2021-06-24 16:47:21,016 INFO o.h.m.TraceWriterAdapter [main] jdbc[12] 
/*SQL */CREATE INDEX IF NOT EXISTS idx_gw_id ON apigw_envoy_route_rule_proxy (gw_id);
2021-06-24 16:47:21,017 INFO o.h.m.TraceWriterAdapter [main] jdbc[12] 
/*SQL */CREATE INDEX IF NOT EXISTS idx_route_rule_id ON apigw_envoy_route_rule_proxy (route_rule_id);
2021-06-24 16:47:21,020 INFO o.h.m.TraceWriterAdapter [main] jdbc[12] 
/*SQL t:1*/CREATE TABLE IF NOT EXISTS apigw_envoy_service_info ( id bigint NOT NULL GENERATED BY DEFAULT AS IDENTITY, create_time bigint DEFAULT NULL, update_time bigint DEFAULT NULL, service_name varchar(255) NOT NULL, publish_status int DEFAULT '0', project_id bigint DEFAULT NULL, contact varchar(255) DEFAULT NULL, description varchar(255) DEFAULT NULL, service_type varchar(11) DEFAULT 'http', PRIMARY KEY (id) );
2021-06-24 16:47:21,029 INFO o.h.m.TraceWriterAdapter [main] jdbc[12] 
/*SQL t:6*/CREATE TABLE IF NOT EXISTS apigw_envoy_service_proxy ( id bigint NOT NULL GENERATED BY DEFAULT AS IDENTITY, service_id bigint NOT NULL, create_time bigint DEFAULT NULL, update_time bigint DEFAULT NULL, code varchar(255) NOT NULL, publish_protocol varchar(10) DEFAULT 'http', backend_service clob, publish_type varchar(255) DEFAULT NULL, project_id bigint DEFAULT '0', gw_id bigint NOT NULL, load_balancer varchar(127) NOT NULL DEFAULT 'ROUND_ROBIN', subsets clob, registry_center_addr varchar(255) DEFAULT NULL, registry_center_type varchar(255) DEFAULT NULL, traffic_policy clob, PRIMARY KEY (id) );
2021-06-24 16:47:21,032 INFO o.h.m.TraceWriterAdapter [main] jdbc[12] 
/*SQL t:1*/CREATE TABLE IF NOT EXISTS apigw_envoy_strategy ( id bigint NOT NULL GENERATED BY DEFAULT AS IDENTITY, plugin_id bigint NOT NULL, plugin_type varchar(255) NOT NULL, strategy_name varchar(255) NOT NULL, create_time bigint NOT NULL, update_time bigint NOT NULL, config clob NOT NULL, PRIMARY KEY (id) );
2021-06-24 16:47:21,033 INFO o.h.m.TraceWriterAdapter [main] jdbc[12] 
/*SQL */CREATE TABLE IF NOT EXISTS apigw_envoy_virtual_host_info ( id bigint NOT NULL GENERATED BY DEFAULT AS IDENTITY, project_id bigint NOT NULL, gw_id bigint NOT NULL, hosts clob, virtual_host_code varchar(255) NOT NULL, create_time bigint NOT NULL, update_time bigint NOT NULL, PRIMARY KEY (id) );
2021-06-24 16:47:21,035 INFO o.h.m.TraceWriterAdapter [main] jdbc[12] 
/*SQL */CREATE TABLE IF NOT EXISTS apigw_gportal_api ( id bigint NOT NULL GENERATED BY DEFAULT AS IDENTITY, create_date bigint DEFAULT NULL, modify_date bigint DEFAULT NULL, api_name varchar(255) NOT NULL, api_path varchar(255) NOT NULL, api_method varchar(255) NOT NULL, description clob, type varchar(255) NOT NULL, service_id bigint NOT NULL, status varchar(255) NOT NULL DEFAULT '0', regex varchar(255) DEFAULT NULL, document_status_id bigint DEFAULT '0', request_example_value clob, response_example_value clob, alias_name varchar(128) DEFAULT NULL, project_id bigint DEFAULT NULL, sync_status tinyint DEFAULT '0', ext_api_id bigint DEFAULT NULL, swagger_sync tinyint DEFAULT '0', PRIMARY KEY (id) );
2021-06-24 16:47:21,038 INFO o.h.m.TraceWriterAdapter [main] jdbc[12] 
/*SQL */CREATE TABLE IF NOT EXISTS apigw_gportal_api_document_status ( id bigint NOT NULL AUTO_INCREMENT, status varchar(255) NOT NULL, PRIMARY KEY (id, status) );
2021-06-24 16:47:21,046 INFO o.h.m.TraceWriterAdapter [main] jdbc[12] 
/*SQL t:6*/CREATE TABLE IF NOT EXISTS apigw_gportal_api_model ( id bigint NOT NULL GENERATED BY DEFAULT AS IDENTITY, create_date bigint DEFAULT NULL, modify_date bigint DEFAULT NULL, model_name varchar(255) NOT NULL, description varchar(255) DEFAULT NULL, type tinyint DEFAULT NULL, format tinyint DEFAULT NULL, service_id bigint NOT NULL, swagger_sync tinyint DEFAULT '0', project_id bigint DEFAULT NULL, PRIMARY KEY (id) );
2021-06-24 16:47:21,048 INFO o.h.m.TraceWriterAdapter [main] jdbc[12] 
/*SQL */CREATE INDEX IF NOT EXISTS index_model_id ON apigw_gportal_api_model(id);
2021-06-24 16:47:21,052 INFO o.h.m.TraceWriterAdapter [main] jdbc[12] 
/*SQL t:2*/CREATE TABLE IF NOT EXISTS apigw_gportal_api_proxy ( id bigint NOT NULL GENERATED BY DEFAULT AS IDENTITY, create_date bigint NOT NULL, modify_date bigint DEFAULT NULL, api_id bigint NOT NULL, gw_id bigint NOT NULL, service_id bigint DEFAULT NULL, traffic_control_policy_id bigint DEFAULT '0', time_range varchar(255) DEFAULT NULL, project_id bigint DEFAULT NULL, PRIMARY KEY (id) );
2021-06-24 16:47:21,055 INFO o.h.m.TraceWriterAdapter [main] jdbc[12] 
/*SQL t:2*/CREATE TABLE IF NOT EXISTS apigw_gportal_api_status_code ( id bigint NOT NULL GENERATED BY DEFAULT AS IDENTITY, create_date bigint DEFAULT NULL, modify_date bigint DEFAULT NULL, error_code varchar(255) DEFAULT NULL, message varchar(255) DEFAULT NULL, status_code bigint DEFAULT NULL, object_id bigint DEFAULT NULL, type varchar(255) NOT NULL, description clob, PRIMARY KEY (id) );
2021-06-24 16:47:21,056 INFO o.h.m.TraceWriterAdapter [main] jdbc[12] 
/*SQL */CREATE INDEX IF NOT EXISTS index_api_id ON apigw_gportal_api_status_code(object_id);
2021-06-24 16:47:21,058 INFO o.h.m.TraceWriterAdapter [main] jdbc[12] 
/*SQL */CREATE TABLE IF NOT EXISTS apigw_gportal_body_param ( id bigint NOT NULL GENERATED BY DEFAULT AS IDENTITY, create_date bigint DEFAULT NULL, modify_date bigint DEFAULT NULL, api_id bigint NOT NULL, param_name varchar(255) NOT NULL, required varchar(20) NOT NULL DEFAULT '0', def_value varchar(255) DEFAULT NULL, description varchar(255) DEFAULT NULL, type varchar(255) NOT NULL, param_type_id bigint DEFAULT NULL, array_data_type_id bigint DEFAULT NULL, association_type varchar(63) DEFAULT 'NORMAL', PRIMARY KEY (id) );
2021-06-24 16:47:21,062 INFO o.h.m.TraceWriterAdapter [main] jdbc[12] 
/*SQL t:2*/CREATE TABLE IF NOT EXISTS apigw_gportal_gateway_info ( id bigint NOT NULL GENERATED BY DEFAULT AS IDENTITY, gw_name varchar(255) NOT NULL, gw_addr varchar(255) NOT NULL, description varchar(255) DEFAULT NULL, create_date bigint DEFAULT NULL, modify_date bigint DEFAULT NULL, last_check_time bigint DEFAULT '0', project_id bigint NOT NULL, gw_uni_id varchar(128) DEFAULT NULL, api_plane_addr varchar(255) DEFAULT NULL, gw_cluster_name varchar(255) DEFAULT NULL, gw_type varchar(20) DEFAULT 'envoy', PRIMARY KEY (id) );
2021-06-24 16:47:21,065 INFO o.h.m.TraceWriterAdapter [main] jdbc[12] 
/*SQL t:1*/CREATE TABLE IF NOT EXISTS apigw_gportal_header_param ( id bigint NOT NULL GENERATED BY DEFAULT AS IDENTITY, create_date bigint DEFAULT NULL, modify_date bigint DEFAULT NULL, api_id bigint NOT NULL, param_name varchar(255) NOT NULL, param_value varchar(255) DEFAULT NULL, description varchar(255) DEFAULT NULL, type varchar(255) NOT NULL, PRIMARY KEY (id) );
2021-06-24 16:47:21,068 INFO o.h.m.TraceWriterAdapter [main] jdbc[12] 
/*SQL t:1*/CREATE TABLE IF NOT EXISTS apigw_gportal_meta_history ( id bigint NOT NULL, meta_type varchar(255) NOT NULL, meta_id bigint NOT NULL, meta_name varchar(255) NOT NULL, meta_tag varchar(255) NOT NULL, project_id bigint NOT NULL, gw_id bigint NOT NULL, parent_id bigint DEFAULT NULL, create_date bigint DEFAULT NULL, modify_date bigint DEFAULT NULL, PRIMARY KEY (id) );
2021-06-24 16:47:21,071 INFO o.h.m.TraceWriterAdapter [main] jdbc[12] 
/*SQL t:1*/CREATE TABLE IF NOT EXISTS apigw_gportal_model_param ( id bigint NOT NULL GENERATED BY DEFAULT AS IDENTITY, create_date bigint DEFAULT NULL, modify_date bigint DEFAULT NULL, model_id varchar(255) NOT NULL, param_name varchar(255) NOT NULL, param_type_id bigint NOT NULL, array_data_type_id bigint DEFAULT NULL, object_id bigint DEFAULT NULL, def_value varchar(255) DEFAULT NULL, description varchar(255) DEFAULT NULL, required varchar(20) NOT NULL DEFAULT '0', PRIMARY KEY (id) );
2021-06-24 16:47:21,072 INFO o.h.m.TraceWriterAdapter [main] jdbc[12] 
/*SQL */CREATE INDEX IF NOT EXISTS index_model_param_id ON apigw_gportal_model_param(id);
2021-06-24 16:47:21,081 INFO o.h.m.TraceWriterAdapter [main] jdbc[12] 
/*SQL t:7*/CREATE TABLE IF NOT EXISTS apigw_gportal_operation_log ( id bigint NOT NULL GENERATED BY DEFAULT AS IDENTITY, create_date bigint DEFAULT NULL, email varchar(255) DEFAULT NULL, object_id bigint DEFAULT NULL, operation clob, type varchar(255) DEFAULT NULL, PRIMARY KEY (id) );
2021-06-24 16:47:21,087 INFO o.h.m.TraceWriterAdapter [main] jdbc[12] 
/*SQL t:1*/CREATE INDEX IF NOT EXISTS index_object_id ON apigw_gportal_operation_log(object_id, type);
2021-06-24 16:47:21,097 INFO o.h.m.TraceWriterAdapter [main] jdbc[12] 
/*SQL t:1*/CREATE TABLE IF NOT EXISTS apigw_gportal_param_object ( id bigint NOT NULL GENERATED BY DEFAULT AS IDENTITY, create_date bigint DEFAULT NULL, modify_date timestamp NOT NULL DEFAULT CURRENT_TIMESTAMP, object_value varchar(1024) DEFAULT NULL, PRIMARY KEY (id) );
2021-06-24 16:47:21,101 INFO o.h.m.TraceWriterAdapter [main] jdbc[12] 
/*SQL t:2*/CREATE INDEX IF NOT EXISTS index_param_object_id ON apigw_gportal_param_object(id);
2021-06-24 16:47:21,104 INFO o.h.m.TraceWriterAdapter [main] jdbc[12] 
/*SQL t:1*/CREATE TABLE IF NOT EXISTS apigw_gportal_param_type ( id bigint NOT NULL AUTO_INCREMENT, create_date bigint DEFAULT NULL, modify_date bigint DEFAULT NULL, param_type varchar(255) NOT NULL, location varchar(255) NOT NULL, model_id bigint DEFAULT '0', PRIMARY KEY ( id, param_type ) );
2021-06-24 16:47:21,107 INFO o.h.m.TraceWriterAdapter [main] jdbc[12] 
/*SQL t:2*/CREATE TABLE IF NOT EXISTS apigw_gportal_plugin ( id number NOT NULL GENERATED BY DEFAULT AS IDENTITY, create_date bigint DEFAULT NULL, modify_date bigint DEFAULT NULL, gw_id bigint DEFAULT NULL, plugin_name varchar(255) DEFAULT NULL, plugin_version varchar(255) DEFAULT NULL, plugin_file_name varchar(255) DEFAULT NULL, plugin_content clob, plugin_variable clob, plugin_status int DEFAULT NULL, last_start_time bigint DEFAULT NULL, plugin_starting_time bigint DEFAULT NULL, plugin_call_number bigint DEFAULT NULL, PRIMARY KEY (id) );
2021-06-24 16:47:21,118 INFO o.h.m.TraceWriterAdapter [main] jdbc[12] 
/*SQL t:8*/CREATE TABLE IF NOT EXISTS apigw_gportal_registry_center ( id bigint NOT NULL GENERATED BY DEFAULT AS IDENTITY, registry_type varchar(255) NOT NULL, registry_addr varchar(255) NOT NULL, registry_alias varchar(255) DEFAULT NULL, create_date bigint DEFAULT NULL, modify_date bigint DEFAULT NULL, project_id bigint DEFAULT NULL, is_shared tinyint DEFAULT NULL, PRIMARY KEY (id) );
2021-06-24 16:47:21,121 INFO o.h.m.TraceWriterAdapter [main] jdbc[12] 
/*SQL t:1*/CREATE TABLE IF NOT EXISTS apigw_gportal_service ( id bigint NOT NULL GENERATED BY DEFAULT AS IDENTITY, create_date bigint DEFAULT NULL, modify_date bigint DEFAULT NULL, display_name varchar(255) NOT NULL, service_name varchar(255) DEFAULT NULL, contacts varchar(255) DEFAULT NULL, description varchar(255) DEFAULT NULL, status int NOT NULL DEFAULT '0', health_interface_path varchar(255) DEFAULT NULL, service_type varchar(63) DEFAULT NULL, project_id bigint DEFAULT NULL, sync_status tinyint DEFAULT '0', ext_service_id bigint DEFAULT NULL, PRIMARY KEY (id) );
2021-06-24 16:47:21,124 INFO o.h.m.TraceWriterAdapter [main] jdbc[12] 
/*SQL t:2*/CREATE TABLE IF NOT EXISTS apigw_gportal_service_instance ( id number NOT NULL GENERATED BY DEFAULT AS IDENTITY, create_date bigint DEFAULT NULL, modify_date bigint DEFAULT NULL, service_id bigint NOT NULL, gw_id bigint NOT NULL, service_addr varchar(255) DEFAULT NULL, status bigint NOT NULL DEFAULT '1', last_check_time bigint NOT NULL DEFAULT '0', registry_center_addr varchar(511) DEFAULT NULL, PRIMARY KEY (id) );
2021-06-24 16:47:21,128 INFO o.h.m.TraceWriterAdapter [main] jdbc[12] 
/*SQL */CREATE TABLE IF NOT EXISTS apigw_gportal_service_lb ( id bigint NOT NULL GENERATED BY DEFAULT AS IDENTITY, create_date bigint DEFAULT NULL, modify_date bigint DEFAULT NULL, service_id bigint DEFAULT NULL, gw_id bigint DEFAULT NULL, service_addr varchar(255) NOT NULL, weight int NOT NULL, status int DEFAULT '1', last_check_time bigint DEFAULT '0', PRIMARY KEY (id) );
2021-06-24 16:47:21,131 INFO o.h.m.TraceWriterAdapter [main] jdbc[12] 
/*SQL t:2*/CREATE TABLE IF NOT EXISTS apigw_gportal_service_lb_rule ( id number NOT NULL GENERATED BY DEFAULT AS IDENTITY, create_date bigint DEFAULT NULL, modify_date bigint DEFAULT NULL, service_id bigint NOT NULL, gw_id bigint NOT NULL, shunt_way varchar(255) NOT NULL DEFAULT '', instance_weight_list clob, param_shunt_type varchar(255) DEFAULT '', param_type varchar(255) DEFAULT '', param_name varchar(255) DEFAULT '', modulus_threshold int DEFAULT NULL, item_list clob, regex int DEFAULT NULL, instance_list clob, rule_name varchar(255) DEFAULT NULL, PRIMARY KEY (id) );
2021-06-24 16:47:21,133 INFO o.h.m.TraceWriterAdapter [main] jdbc[12] 
/*SQL */CREATE TABLE IF NOT EXISTS apigw_gportal_service_lb_rule_binding ( id bigint NOT NULL GENERATED BY DEFAULT AS IDENTITY, rule_id bigint NOT NULL, gw_id bigint NOT NULL, service_id bigint NOT NULL, binding_time bigint NOT NULL, PRIMARY KEY (id) );
2021-06-24 16:47:21,137 INFO o.h.m.TraceWriterAdapter [main] jdbc[12] 
/*SQL t:1*/CREATE TABLE IF NOT EXISTS apigw_gportal_service_lb_rule_multi ( id number NOT NULL GENERATED BY DEFAULT AS IDENTITY, create_date bigint DEFAULT NULL, modify_date bigint DEFAULT NULL, service_id bigint NOT NULL, rule_name varchar(255) DEFAULT NULL, shunt_way varchar(255) DEFAULT NULL, param_matching_mode varchar(255) DEFAULT NULL, param_type varchar(255) DEFAULT NULL, param_name varchar(255) DEFAULT NULL, instance_type varchar(255) DEFAULT NULL, instance_list clob, color varchar(255) DEFAULT NULL, PRIMARY KEY (id) );
2021-06-24 16:47:21,138 INFO o.h.m.TraceWriterAdapter [main] jdbc[12] 
/*SQL */CREATE INDEX IF NOT EXISTS index_service_id ON apigw_gportal_service_lb_rule_multi(service_id);
2021-06-24 16:47:21,143 INFO o.h.m.TraceWriterAdapter [main] jdbc[12] 
/*SQL t:5*/CREATE TABLE IF NOT EXISTS apigw_gportal_service_protobuf ( id number NOT NULL GENERATED BY DEFAULT AS IDENTITY, create_date bigint DEFAULT NULL, modify_date bigint DEFAULT NULL, service_id number NOT NULL, pb_name varchar(255) NOT NULL DEFAULT '', pb_file_name varchar(255) NOT NULL DEFAULT '', pb_file_content clob NOT NULL, desc_file_content clob NOT NULL, description varchar(255) DEFAULT NULL, pb_status int NOT NULL DEFAULT '0', PRIMARY KEY (id) );
2021-06-24 16:47:21,144 INFO o.h.m.TraceWriterAdapter [main] jdbc[12] 
/*SQL */CREATE INDEX IF NOT EXISTS idx_service_id ON apigw_gportal_service_protobuf(service_id);
2021-06-24 16:47:21,151 INFO o.h.m.TraceWriterAdapter [main] jdbc[12] 
/*SQL t:7*/CREATE INDEX IF NOT EXISTS index_pb_name ON apigw_gportal_service_protobuf(pb_name);
2021-06-24 16:47:21,156 INFO o.h.m.TraceWriterAdapter [main] jdbc[12] 
/*SQL t:3*/CREATE TABLE IF NOT EXISTS apigw_gportal_service_protobuf_proxy ( id number NOT NULL GENERATED BY DEFAULT AS IDENTITY, create_date bigint DEFAULT NULL, modify_date bigint DEFAULT NULL, pb_id bigint NOT NULL, gw_id bigint NOT NULL, PRIMARY KEY (id) );
2021-06-24 16:47:21,158 INFO o.h.m.TraceWriterAdapter [main] jdbc[12] 
/*SQL */CREATE INDEX IF NOT EXISTS index_pb_id ON apigw_gportal_service_protobuf_proxy(pb_id);
2021-06-24 16:47:21,160 INFO o.h.m.TraceWriterAdapter [main] jdbc[12] 
/*SQL */CREATE TABLE IF NOT EXISTS apigw_gportal_service_proxy ( id bigint NOT NULL GENERATED BY DEFAULT AS IDENTITY, create_date bigint NOT NULL, modify_date bigint DEFAULT NULL, service_id bigint NOT NULL, gw_id bigint NOT NULL, service_addr clob, time_range varchar(255) DEFAULT NULL, class_name varchar(255) DEFAULT NULL, flow_replication_addr varchar(255) DEFAULT NULL, authentication tinyint DEFAULT '1', shunt_way varchar(255) DEFAULT NULL, shunt_switch int DEFAULT '0', project_id bigint DEFAULT NULL, addr_acquire_strategy varchar(64) DEFAULT NULL, registry_center_addr varchar(255) DEFAULT NULL, application_name varchar(255) DEFAULT NULL, transparent tinyint DEFAULT '0', custom_header varchar(4000) DEFAULT NULL, registry_center_type varchar(255) DEFAULT NULL, adapt_service_name int DEFAULT '0', PRIMARY KEY (id) );
2021-06-24 16:47:21,162 INFO o.h.m.TraceWriterAdapter [main] jdbc[12] 
/*SQL t:1*/CREATE TABLE IF NOT EXISTS apigw_gportal_traffic_control_binding ( id bigint NOT NULL GENERATED BY DEFAULT AS IDENTITY, api_id bigint NOT NULL, policy_id bigint NOT NULL, binding_time bigint NOT NULL, gw_id bigint NOT NULL, gateway_name varchar(128) NOT NULL DEFAULT '', policy_name varchar(128) NOT NULL DEFAULT '', project_id varchar(20) DEFAULT NULL, PRIMARY KEY (id) );
2021-06-24 16:47:21,163 INFO o.h.m.TraceWriterAdapter [main] jdbc[12] 
/*SQL */CREATE INDEX IF NOT EXISTS idx_api_id ON apigw_gportal_traffic_control_binding(api_id);
2021-06-24 16:47:21,163 INFO o.h.m.TraceWriterAdapter [main] jdbc[12] 
/*SQL */CREATE INDEX IF NOT EXISTS idx_policy_id ON apigw_gportal_traffic_control_binding(policy_id);
2021-06-24 16:47:21,164 INFO o.h.m.TraceWriterAdapter [main] jdbc[12] 
/*SQL */CREATE TABLE IF NOT EXISTS apigw_gportal_traffic_control_dimension ( id bigint NOT NULL GENERATED BY DEFAULT AS IDENTITY, traffic_control_policy_id bigint NOT NULL, slot bigint NOT NULL, unit varchar(128) NOT NULL, dimension_limit bigint NOT NULL, capacity bigint NOT NULL, dimension_type varchar(64) NOT NULL, param_name varchar(128) DEFAULT NULL, match_mode varchar(128) DEFAULT NULL, param_value varchar(2048) DEFAULT NULL, PRIMARY KEY (id) );
2021-06-24 16:47:21,165 INFO o.h.m.TraceWriterAdapter [main] jdbc[12] 
/*SQL */CREATE INDEX IF NOT EXISTS idx_traffic_control_policy_id ON apigw_gportal_traffic_control_dimension(traffic_control_policy_id);
2021-06-24 16:47:21,168 INFO o.h.m.TraceWriterAdapter [main] jdbc[12] 
/*SQL t:2*/CREATE TABLE IF NOT EXISTS apigw_gportal_traffic_control_policy ( id bigint NOT NULL GENERATED BY DEFAULT AS IDENTITY, name varchar(128) NOT NULL, create_time bigint NOT NULL, update_time bigint NOT NULL, project_id varchar(20) DEFAULT NULL, PRIMARY KEY (id) );
2021-06-24 16:47:21,202 INFO o.h.m.TraceWriterAdapter [main] jdbc[12] 
/*SQL t:5*/CREATE TABLE IF NOT EXISTS apigw_gportal_white_list ( id bigint NOT NULL GENERATED BY DEFAULT AS IDENTITY, policy_name varchar(127) NOT NULL DEFAULT '', policy_type varchar(63) NOT NULL DEFAULT '', white_list clob NOT NULL, create_time bigint NOT NULL DEFAULT '0', update_time bigint NOT NULL DEFAULT '0', project_id varchar(127) NOT NULL, PRIMARY KEY (id) );
2021-06-24 16:47:21,206 INFO o.h.m.TraceWriterAdapter [main] jdbc[12] 
/*SQL t:3*/CREATE TABLE IF NOT EXISTS apigw_gportal_white_list_binding ( id bigint NOT NULL GENERATED BY DEFAULT AS IDENTITY, gw_id bigint NOT NULL, policy_id bigint NOT NULL DEFAULT '0', binding_time bigint NOT NULL DEFAULT '0', binding_object_id varchar(127) NOT NULL DEFAULT '', binding_object_type varchar(63) NOT NULL DEFAULT '', project_id varchar(127) NOT NULL, policy_name varchar(127) NOT NULL DEFAULT '', binding_object_name varchar(127) NOT NULL DEFAULT '', PRIMARY KEY (id) );
2021-06-24 16:47:21,207 INFO o.s.j.d.i.ScriptUtils [main] Executed SQL script from class path resource [schema.sql] in 262 ms.
2021-06-24 16:47:21,245 INFO o.s.j.d.i.ScriptUtils [main] Executing SQL script from class path resource [data.sql]
2021-06-24 16:47:21,268 INFO o.h.m.TraceWriterAdapter [main] jdbc[12] 
/*SQL #:4 t:5*/MERGE INTO apigw_gportal_api_document_status ( id, status ) VALUES ( 1, '\u5f00\u53d1\u4e2d' ), ( 2, '\u8054\u8c03\u4e2d' ), ( 3, '\u63d0\u6d4b\u4e2d' ), ( 4, '\u5df2\u4e0a\u7ebf' );
2021-06-24 16:47:21,320 INFO o.h.m.TraceWriterAdapter [main] jdbc[12] 
/*SQL #:48 t:38*/MERGE INTO `apigw_gportal_param_type` (`id`, `create_date`, `modify_date`, `param_type`, `location`, `model_id`) VALUES (1, 1515548961293, 1515548961293, 'String', 'BODY', 0), (2, 1515548961293, 1515548961293, 'Content-Type', 'HEADER', 0), (3, 1515548961293, 1515548961293, 'Accept-Language', 'HEADER', 0), (4, 1515548961293, 1515548961293, 'Array', 'BODY', 0), (5, 1515548961293, 1515548961293, 'Boolean', 'BODY', 0), (6, 1515548961293, 1515548961293, 'File', 'BODY', 0), (7, 1515548961293, 1515548961293, 'Number', 'BODY', 0), (8, 1515548961293, 1515548961293, 'Object', 'BODY', 0), (9, 1515548961293, 1515548961293, 'Variable', 'BODY', 0), (10, 1515548961293, 1515548961293, 'Accept-Charset', 'HEADER', 0), (11, 1515548961293, 1515548961293, 'Accept', 'HEADER', 0), (12, 1515548961293, 1515548961293, 'Accept-Encoding', 'HEADER', 0), (13, 1515548961293, 1515548961293, 'Accept-Datetime', 'HEADER', 0), (14, 1515548961293, 1515548961293, 'Authorization', 'HEADER', 0), (15, 1515548961293, 1515548961293, 'Cache-Control', 'HEADER', 0), (16, 1515548961293, 1515548961293, 'Connection', 'HEADER', 0), (17, 1515548961293, 1515548961293, 'Cookie', 'HEADER', 0), (18, 1515548961293, 1515548961293, 'Content-Disposition', 'HEADER', 0), (19, 1515548961293, 1515548961293, 'Content-Length', 'HEADER', 0), (20, 1515548961293, 1515548961293, 'Content-MD5', 'HEADER', 0), (21, 1515548961293, 1515548961293, 'Date', 'HEADER', 0), (22, 1515548961293, 1515548961293, 'Expect', 'HEADER', 0), (23, 1515548961293, 1515548961293, 'From', 'HEADER', 0), (24, 1515548961293, 1515548961293, 'Host', 'HEADER', 0), (25, 1515548961293, 1515548961293, 'If-Match', 'HEADER', 0), (26, 1515548961293, 1515548961293, 'If-Modified-Since', 'HEADER', 0), (27, 1515548961293, 1515548961293, 'If-None-Match', 'HEADER', 0), (28, 1515548961293, 1515548961293, 'If-Range', 'HEADER', 0), (29, 1515548961293, 1515548961293, 'If-Unmodified-Since', 'HEADER', 0), (30, 1515548961293, 1515548961293, 'Max-Forwards', 'HEADER', 0), (31, 1515548961293, 1515548961293, 'Origin', 'HEADER', 0), (32, 1515548961293, 1515548961293, 'Pragma', 'HEADER', 0), (33, 1515548961293, 1515548961293, 'Proxy-Authorization', 'HEADER', 0), (34, 1515548961293, 1515548961293, 'Range', 'HEADER', 0), (35, 1515548961293, 1515548961293, 'Referer', 'HEADER', 0), (36, 1515548961293, 1515548961293, 'TE', 'HEADER', 0), (37, 1515548961293, 1515548961293, 'User-Agent', 'HEADER', 0), (38, 1515548961293, 1515548961293, 'Upgrade', 'HEADER', 0), (39, 1515548961293, 1515548961293, 'Via', 'HEADER', 0), (40, 1515548961293, 1515548961293, 'Warning', 'HEADER', 0), (41, 1515548961293, 1515548961293, 'X-Requested-With', 'HEADER', 0), (42, 1515548961293, 1515548961293, 'DNT', 'HEADER', 0), (43, 1515548961293, 1515548961293, 'X-Forwarded-For', 'HEADER', 0), (44, 1515548961293, 1515548961293, 'X-Forwarded-Host', 'HEADER', 0), (45, 1515548961291, 1515548961293, 'Int', 'BODY', 0), (46, 1515548961291, 1515548961293, 'Long', 'BODY', 0), (47, 1515548961291, 1515548961293, 'Double', 'BODY', 0), (48, 1515548961291, 1515548961293, 'Float', 'BODY', 0);
2021-06-24 16:47:21,321 INFO o.s.j.d.i.ScriptUtils [main] Executed SQL script from class path resource [data.sql] in 75 ms.
2021-06-24 16:47:21,927 INFO o.s.o.j.LocalContainerEntityManagerFactoryBean [main] Building JPA container EntityManagerFactory for persistence unit 'default'
2021-06-24 16:47:21,969 INFO o.h.j.i.u.LogHelper [main] HHH000204: Processing PersistenceUnitInfo [
	name: default
	...]
2021-06-24 16:47:22,065 INFO o.h.Version [main] HHH000412: Hibernate Core {5.0.12.Final}
2021-06-24 16:47:22,073 INFO o.h.c.Environment [main] HHH000206: hibernate.properties not found
2021-06-24 16:47:22,081 INFO o.h.c.Environment [main] HHH000021: Bytecode provider name : javassist
2021-06-24 16:47:22,139 INFO o.h.a.c.r.j.JavaReflectionManager [main] HCANN000001: Hibernate Commons Annotations {5.0.1.Final}
2021-06-24 16:47:22,405 INFO o.h.d.Dialect [main] HHH000400: Using dialect: org.hibernate.dialect.H2Dialect
2021-06-24 16:47:22,420 INFO o.h.m.TraceWriterAdapter [main] jdbc[12] 
/*SQL #:1 t:1*/CALL DATABASE();
2021-06-24 16:47:22,441 INFO o.h.m.TraceWriterAdapter [main] jdbc[12] 
/*SQL #:31 t:6*/SELECT TYPE_NAME, DATA_TYPE, PRECISION, PREFIX LITERAL_PREFIX, SUFFIX LITERAL_SUFFIX, PARAMS CREATE_PARAMS, NULLABLE, CASE_SENSITIVE, SEARCHABLE, FALSE UNSIGNED_ATTRIBUTE, FALSE FIXED_PREC_SCALE, AUTO_INCREMENT, TYPE_NAME LOCAL_TYPE_NAME, MINIMUM_SCALE, MAXIMUM_SCALE, DATA_TYPE SQL_DATA_TYPE, ZERO() SQL_DATETIME_SUB, RADIX NUM_PREC_RADIX FROM INFORMATION_SCHEMA.TYPE_INFO ORDER BY DATA_TYPE, POS;
2021-06-24 16:47:22,455 INFO o.h.m.TraceWriterAdapter [main] jdbc[12] 
/*SQL l:58 #:1 t:1*/SELECT VALUE FROM INFORMATION_SCHEMA.SETTINGS WHERE NAME=? {1: 'MODE'};
2021-06-24 16:47:22,462 INFO o.h.m.TraceWriterAdapter [main] jdbc[12] 
/*SQL #:31*/SELECT TYPE_NAME, DATA_TYPE, PRECISION, PREFIX LITERAL_PREFIX, SUFFIX LITERAL_SUFFIX, PARAMS CREATE_PARAMS, NULLABLE, CASE_SENSITIVE, SEARCHABLE, FALSE UNSIGNED_ATTRIBUTE, FALSE FIXED_PREC_SCALE, AUTO_INCREMENT, TYPE_NAME LOCAL_TYPE_NAME, MINIMUM_SCALE, MAXIMUM_SCALE, DATA_TYPE SQL_DATA_TYPE, ZERO() SQL_DATETIME_SUB, RADIX NUM_PREC_RADIX FROM INFORMATION_SCHEMA.TYPE_INFO ORDER BY DATA_TYPE, POS;
2021-06-24 16:47:22,673 INFO o.h.t.h.SchemaExport [main] HHH000227: Running hbm2ddl schema export
2021-06-24 16:47:22,692 INFO o.h.t.h.SchemaExport [main] HHH000230: Schema export complete
2021-06-24 16:47:22,727 INFO o.s.o.j.AbstractEntityManagerFactoryBean [main] Initialized JPA EntityManagerFactory for persistence unit 'default'
2021-06-24 16:47:24,671 INFO o.s.w.s.m.m.a.RequestMappingHandlerAdapter [main] Looking for @ControllerAdvice: org.springframework.boot.context.embedded.AnnotationConfigEmbeddedWebApplicationContext@6492fab5: startup date [Thu Jun 24 16:47:15 CST 2021]; root of context hierarchy
2021-06-24 16:47:24,858 INFO o.s.w.s.h.AbstractHandlerMethodMapping$MappingRegistry [main] Mapped "{[/gdashboard/envoy],methods=[POST],params=[Version=2019-09-01 && Action=UpdateGateway]}" onto public java.lang.Object org.hango.cloud.ncegdashboard.envoy.web.controller.EnvoyGatewayController.updateGwInfo(org.hango.cloud.ncegdashboard.envoy.web.dto.GatewayDto)
2021-06-24 16:47:24,861 INFO o.s.w.s.h.AbstractHandlerMethodMapping$MappingRegistry [main] Mapped "{[/gdashboard/envoy],methods=[POST],params=[Version=2019-09-01 && Action=CreateGateway]}" onto public java.lang.Object org.hango.cloud.ncegdashboard.envoy.web.controller.EnvoyGatewayController.addGwInfo(org.hango.cloud.ncegdashboard.envoy.web.dto.GatewayDto)
2021-06-24 16:47:24,862 INFO o.s.w.s.h.AbstractHandlerMethodMapping$MappingRegistry [main] Mapped "{[/gdashboard/envoy],methods=[GET],params=[Version=2019-09-01 && Action=DescribeGatewayList]}" onto public java.lang.Object org.hango.cloud.ncegdashboard.envoy.web.controller.EnvoyGatewayController.getGwInfoList(java.lang.String,long,long)
2021-06-24 16:47:24,862 INFO o.s.w.s.h.AbstractHandlerMethodMapping$MappingRegistry [main] Mapped "{[/gdashboard/envoy],methods=[GET],params=[Version=2019-09-01 && Action=DescribeGateway]}" onto public java.lang.Object org.hango.cloud.ncegdashboard.envoy.web.controller.EnvoyGatewayController.getGwInfoById(long)
2021-06-24 16:47:24,862 INFO o.s.w.s.h.AbstractHandlerMethodMapping$MappingRegistry [main] Mapped "{[/gdashboard/envoy],methods=[POST],params=[Version=2019-09-01 && Action=UpdateGatewayVirtualHosts]}" onto public java.lang.String org.hango.cloud.ncegdashboard.envoy.web.controller.EnvoyGatewayController.updateGatewayVirtualHosts(org.hango.cloud.ncegdashboard.envoy.web.dto.EnvoyGatewayVirtualHostDto)
2021-06-24 16:47:24,862 INFO o.s.w.s.h.AbstractHandlerMethodMapping$MappingRegistry [main] Mapped "{[/gdashboard/envoy],methods=[POST],params=[Version=2019-09-01 && Action=CreateGatewayVirtualHost]}" onto public java.lang.String org.hango.cloud.ncegdashboard.envoy.web.controller.EnvoyGatewayController.createGatewayVirtualHost(org.hango.cloud.ncegdashboard.envoy.web.dto.EnvoyVirtualHostDto)
2021-06-24 16:47:24,863 INFO o.s.w.s.h.AbstractHandlerMethodMapping$MappingRegistry [main] Mapped "{[/gdashboard/envoy],methods=[POST],params=[Version=2019-09-01 && Action=UpdateGatewayVirtualHost]}" onto public java.lang.String org.hango.cloud.ncegdashboard.envoy.web.controller.EnvoyGatewayController.updateGatewayVirtualHost(org.hango.cloud.ncegdashboard.envoy.web.dto.EnvoyVirtualHostUpdateDto)
2021-06-24 16:47:24,863 INFO o.s.w.s.h.AbstractHandlerMethodMapping$MappingRegistry [main] Mapped "{[/gdashboard/envoy],methods=[GET],params=[Version=2019-09-01 && Action=DescribeGatewayVirtualHosts]}" onto public java.lang.String org.hango.cloud.ncegdashboard.envoy.web.controller.EnvoyGatewayController.getGatewayVirtualHosts(long,long,java.lang.String,long,long)
2021-06-24 16:47:24,863 INFO o.s.w.s.h.AbstractHandlerMethodMapping$MappingRegistry [main] Mapped "{[/gdashboard/envoy],methods=[GET],params=[Version=2019-09-01 && Action=DescribeGatewayVirtualHost]}" onto public java.lang.String org.hango.cloud.ncegdashboard.envoy.web.controller.EnvoyGatewayController.getGatewayVirtualHost(long)
2021-06-24 16:47:24,863 INFO o.s.w.s.h.AbstractHandlerMethodMapping$MappingRegistry [main] Mapped "{[/gdashboard/envoy],methods=[GET],params=[Version=2019-09-01 && Action=DescribePluginManager]}" onto public java.lang.Object org.hango.cloud.ncegdashboard.envoy.web.controller.EnvoyGatewayController.describePluginManager(long)
2021-06-24 16:47:24,864 INFO o.s.w.s.h.AbstractHandlerMethodMapping$MappingRegistry [main] Mapped "{[/gdashboard/envoy],methods=[POST],params=[Version=2019-09-01 && Action=UpdatePluginManager]}" onto public java.lang.Object org.hango.cloud.ncegdashboard.envoy.web.controller.EnvoyGatewayController.updatePluginManager(long,java.lang.String,boolean)
2021-06-24 16:47:24,867 INFO o.s.w.s.h.AbstractHandlerMethodMapping$MappingRegistry [main] Mapped "{[/gdashboard/envoy],methods=[POST],params=[Version=2019-09-01 && Action=UpdateHealthCheckRule]}" onto public java.lang.String org.hango.cloud.ncegdashboard.envoy.web.controller.EnvoyHealthCheckController.updateHealthCheckRule(org.hango.cloud.ncegdashboard.envoy.web.dto.EnvoyHealthCheckRuleDto)
2021-06-24 16:47:24,867 INFO o.s.w.s.h.AbstractHandlerMethodMapping$MappingRegistry [main] Mapped "{[/gdashboard/envoy],methods=[GET],params=[Version=2019-09-01 && Action=DescribeHealthCheckRule]}" onto public java.lang.String org.hango.cloud.ncegdashboard.envoy.web.controller.EnvoyHealthCheckController.getPluginInfo(long,long)
2021-06-24 16:47:24,868 INFO o.s.w.s.h.AbstractHandlerMethodMapping$MappingRegistry [main] Mapped "{[/gdashboard/envoy],methods=[GET],params=[Version=2019-09-01 && Action=DescribeServiceInstanceList]}" onto public java.lang.String org.hango.cloud.ncegdashboard.envoy.web.controller.EnvoyHealthCheckController.describeServiceInstanceList(long,long)
2021-06-24 16:47:24,879 INFO o.s.w.s.h.AbstractHandlerMethodMapping$MappingRegistry [main] Mapped "{[/gdashboard/envoy],methods=[POST],params=[Version=2019-09-01 && Action=BindingPlugin]}" onto public java.lang.String org.hango.cloud.ncegdashboard.envoy.web.controller.EnvoyPluginInfoController.bindingPlugin(org.hango.cloud.ncegdashboard.envoy.web.dto.EnvoyPluginBindingDto)
2021-06-24 16:47:24,879 INFO o.s.w.s.h.AbstractHandlerMethodMapping$MappingRegistry [main] Mapped "{[/gdashboard/envoy],methods=[GET],params=[Version=2019-09-01 && Action=UnbindingPlugin]}" onto public java.lang.String org.hango.cloud.ncegdashboard.envoy.web.controller.EnvoyPluginInfoController.unbindingPlugin(long)
2021-06-24 16:47:24,879 INFO o.s.w.s.h.AbstractHandlerMethodMapping$MappingRegistry [main] Mapped "{[/gdashboard/envoy],methods=[POST],params=[Version=2019-09-01 && Action=UpdatePluginConfiguration]}" onto public java.lang.String org.hango.cloud.ncegdashboard.envoy.web.controller.EnvoyPluginInfoController.updatePluginConfiguration(org.hango.cloud.ncegdashboard.envoy.web.dto.EnvoyPluginBindingDto)
2021-06-24 16:47:24,880 INFO o.s.w.s.h.AbstractHandlerMethodMapping$MappingRegistry [main] Mapped "{[/gdashboard/envoy],methods=[GET],params=[Version=2019-09-01 && Action=DescribePluginInfo]}" onto public java.lang.String org.hango.cloud.ncegdashboard.envoy.web.controller.EnvoyPluginInfoController.getPluginInfo(java.lang.String,long)
2021-06-24 16:47:24,880 INFO o.s.w.s.h.AbstractHandlerMethodMapping$MappingRegistry [main] Mapped "{[/gdashboard/envoy],methods=[GET],params=[Version=2019-09-01 && Action=DescribePluginInfoList]}" onto public java.lang.String org.hango.cloud.ncegdashboard.envoy.web.controller.EnvoyPluginInfoController.getPluginInfoList(long,java.lang.String)
2021-06-24 16:47:24,881 INFO o.s.w.s.h.AbstractHandlerMethodMapping$MappingRegistry [main] Mapped "{[/gdashboard/envoy],methods=[GET],params=[Version=2019-09-01 && Action=DescribeBindingPlugin]}" onto public java.lang.String org.hango.cloud.ncegdashboard.envoy.web.controller.EnvoyPluginInfoController.getBindingPlugin(long)
2021-06-24 16:47:24,882 INFO o.s.w.s.h.AbstractHandlerMethodMapping$MappingRegistry [main] Mapped "{[/gdashboard/envoy],methods=[GET],params=[Version=2019-09-01 && Action=DescribeBindingPlugins]}" onto public java.lang.String org.hango.cloud.ncegdashboard.envoy.web.controller.EnvoyPluginInfoController.getBindingPlugins(long,java.lang.String,java.lang.String,java.lang.String,java.lang.String,java.lang.String,long,long)
2021-06-24 16:47:24,882 INFO o.s.w.s.h.AbstractHandlerMethodMapping$MappingRegistry [main] Mapped "{[/gdashboard/envoy],methods=[GET],params=[Version=2019-09-01 && Action=UpdatePluginBindingStatus]}" onto public java.lang.String org.hango.cloud.ncegdashboard.envoy.web.controller.EnvoyPluginInfoController.updatePluginStatus(long,java.lang.String)
2021-06-24 16:47:24,896 INFO o.s.w.s.h.AbstractHandlerMethodMapping$MappingRegistry [main] Mapped "{[/gdashboard/envoy],methods=[POST],params=[Version=2019-09-01 && Action=SyncPluginTemplates]}" onto public java.lang.String org.hango.cloud.ncegdashboard.envoy.web.controller.EnvoyPluginTemplateController.syncTemplate(org.hango.cloud.ncegdashboard.envoy.web.dto.SyncPluginTemplateDto)
2021-06-24 16:47:24,897 INFO o.s.w.s.h.AbstractHandlerMethodMapping$MappingRegistry [main] Mapped "{[/gdashboard/envoy],methods=[POST],params=[Version=2019-09-01 && Action=CreatePluginTemplate]}" onto public java.lang.String org.hango.cloud.ncegdashboard.envoy.web.controller.EnvoyPluginTemplateController.createTemplate(org.hango.cloud.ncegdashboard.envoy.web.dto.EnvoyPluginTemplateDto)
2021-06-24 16:47:24,899 INFO o.s.w.s.h.AbstractHandlerMethodMapping$MappingRegistry [main] Mapped "{[/gdashboard/envoy],methods=[POST],params=[Version=2019-09-01 && Action=CreateGlobalPluginTemplate]}" onto public java.lang.String org.hango.cloud.ncegdashboard.envoy.web.controller.EnvoyPluginTemplateController.createGlobalTemplate(org.hango.cloud.ncegdashboard.envoy.web.dto.EnvoyPluginTemplateDto)
2021-06-24 16:47:24,899 INFO o.s.w.s.h.AbstractHandlerMethodMapping$MappingRegistry [main] Mapped "{[/gdashboard/envoy],methods=[POST],params=[Version=2019-09-01 && Action=UpdatePluginTemplate]}" onto public java.lang.String org.hango.cloud.ncegdashboard.envoy.web.controller.EnvoyPluginTemplateController.updateTemplate(org.hango.cloud.ncegdashboard.envoy.web.dto.EnvoyPluginTemplateDto)
2021-06-24 16:47:24,899 INFO o.s.w.s.h.AbstractHandlerMethodMapping$MappingRegistry [main] Mapped "{[/gdashboard/envoy],methods=[GET],params=[Version=2019-09-01 && Action=DeletePluginTemplate]}" onto public java.lang.String org.hango.cloud.ncegdashboard.envoy.web.controller.EnvoyPluginTemplateController.deleteTemplate(long)
2021-06-24 16:47:24,899 INFO o.s.w.s.h.AbstractHandlerMethodMapping$MappingRegistry [main] Mapped "{[/gdashboard/envoy],methods=[GET],params=[Version=2019-09-01 && Action=DescribePluginTemplate]}" onto public java.lang.String org.hango.cloud.ncegdashboard.envoy.web.controller.EnvoyPluginTemplateController.describeTemplate(long)
2021-06-24 16:47:24,900 INFO o.s.w.s.h.AbstractHandlerMethodMapping$MappingRegistry [main] Mapped "{[/gdashboard/envoy],methods=[GET],params=[Version=2019-09-01 && Action=DescribePluginTemplates]}" onto public java.lang.String org.hango.cloud.ncegdashboard.envoy.web.controller.EnvoyPluginTemplateController.describeTemplates(java.lang.String,long,long,boolean)
2021-06-24 16:47:24,900 INFO o.s.w.s.h.AbstractHandlerMethodMapping$MappingRegistry [main] Mapped "{[/gdashboard/envoy],methods=[GET],params=[Version=2019-09-01 && Action=DescribeAllPluginTemplates]}" onto public java.lang.String org.hango.cloud.ncegdashboard.envoy.web.controller.EnvoyPluginTemplateController.describeAllTemplates(java.lang.String)
2021-06-24 16:47:24,901 INFO o.s.w.s.h.AbstractHandlerMethodMapping$MappingRegistry [main] Mapped "{[/gdashboard/envoy],methods=[POST],params=[Version=2019-09-01 && Action=UpdateRouteRule]}" onto public java.lang.String org.hango.cloud.ncegdashboard.envoy.web.controller.EnvoyRouteRuleInfoController.updateRouteRule(org.hango.cloud.ncegdashboard.envoy.web.dto.EnvoyRouteRuleDto)
2021-06-24 16:47:24,901 INFO o.s.w.s.h.AbstractHandlerMethodMapping$MappingRegistry [main] Mapped "{[/gdashboard/envoy],methods=[POST],params=[Version=2019-09-01 && Action=CreateRouteRule]}" onto public java.lang.String org.hango.cloud.ncegdashboard.envoy.web.controller.EnvoyRouteRuleInfoController.createRouteRule(org.hango.cloud.ncegdashboard.envoy.web.dto.EnvoyRouteRuleDto)
2021-06-24 16:47:24,901 INFO o.s.w.s.h.AbstractHandlerMethodMapping$MappingRegistry [main] Mapped "{[/gdashboard/envoy],methods=[GET],params=[Version=2019-09-01 && Action=DescribeRouteRule]}" onto public java.lang.String org.hango.cloud.ncegdashboard.envoy.web.controller.EnvoyRouteRuleInfoController.getRouteRule(long)
2021-06-24 16:47:24,902 INFO o.s.w.s.h.AbstractHandlerMethodMapping$MappingRegistry [main] Mapped "{[/gdashboard/envoy],methods=[GET],params=[Version=2019-09-01 && Action=DescribeRouteRuleList]}" onto public java.lang.Object org.hango.cloud.ncegdashboard.envoy.web.controller.EnvoyRouteRuleInfoController.routeRuleList(java.lang.String,int,int,long,long,java.lang.String,java.lang.String)
2021-06-24 16:47:24,902 INFO o.s.w.s.h.AbstractHandlerMethodMapping$MappingRegistry [main] Mapped "{[/gdashboard/envoy],methods=[GET],params=[Version=2019-09-01 && Action=DeleteRouteRule]}" onto public java.lang.Object org.hango.cloud.ncegdashboard.envoy.web.controller.EnvoyRouteRuleInfoController.deleteRule(long)
2021-06-24 16:47:24,911 INFO o.s.w.s.h.AbstractHandlerMethodMapping$MappingRegistry [main] Mapped "{[/gdashboard/envoy],methods=[POST],params=[Version=2019-09-01 && Action=PublishRouteRule]}" onto public java.lang.String org.hango.cloud.ncegdashboard.envoy.web.controller.EnvoyRouteRuleProxyController.publishRouteRule(org.hango.cloud.ncegdashboard.envoy.web.dto.EnvoyRouteRuleProxyDto)
2021-06-24 16:47:24,912 INFO o.s.w.s.h.AbstractHandlerMethodMapping$MappingRegistry [main] Mapped "{[/gdashboard/envoy],methods=[GET],params=[Version=2019-09-01 && Action=DescribeGatewayForRouteRuleProxy]}" onto public java.lang.Object org.hango.cloud.ncegdashboard.envoy.web.controller.EnvoyRouteRuleProxyController.describeGatewayForPublishedRule(long)
2021-06-24 16:47:24,912 INFO o.s.w.s.h.AbstractHandlerMethodMapping$MappingRegistry [main] Mapped "{[/gdashboard/envoy],methods=[GET],params=[Version=2019-09-01 && Action=DescribeRouteRuleProxyList]}" onto public java.lang.String org.hango.cloud.ncegdashboard.envoy.web.controller.EnvoyRouteRuleProxyController.getPublishRouteRuleList(long,long,long,long,java.lang.String,java.lang.String)
2021-06-24 16:47:24,912 INFO o.s.w.s.h.AbstractHandlerMethodMapping$MappingRegistry [main] Mapped "{[/gdashboard/envoy],methods=[GET],params=[Version=2019-09-01 && Action=DescribeRouteRuleProxy]}" onto public java.lang.String org.hango.cloud.ncegdashboard.envoy.web.controller.EnvoyRouteRuleProxyController.describeRouteRuleProxy(long,long,long)
2021-06-24 16:47:24,912 INFO o.s.w.s.h.AbstractHandlerMethodMapping$MappingRegistry [main] Mapped "{[/gdashboard/envoy],methods=[GET],params=[Version=2019-09-01 && Action=DescribeRouteRuleProxyByRouteRuleId]}" onto public java.lang.String org.hango.cloud.ncegdashboard.envoy.web.controller.EnvoyRouteRuleProxyController.describePublishRouteRule(long)
2021-06-24 16:47:24,916 INFO o.s.w.s.h.AbstractHandlerMethodMapping$MappingRegistry [main] Mapped "{[/gdashboard/envoy],methods=[GET],params=[Version=2019-09-01 && Action=DeleteRouteRuleProxy]}" onto public java.lang.String org.hango.cloud.ncegdashboard.envoy.web.controller.EnvoyRouteRuleProxyController.deletePublishedRouteRule(long,long,java.util.List<java.lang.Long>)
2021-06-24 16:47:24,918 INFO o.s.w.s.h.AbstractHandlerMethodMapping$MappingRegistry [main] Mapped "{[/gdashboard/envoy],methods=[GET],params=[Version=2019-09-01 && Action=UpdateRouteRuleProxyEnableState]}" onto public java.lang.Object org.hango.cloud.ncegdashboard.envoy.web.controller.EnvoyRouteRuleProxyController.updateRouteRuleEnableState(long,long,java.lang.String)
2021-06-24 16:47:24,919 INFO o.s.w.s.h.AbstractHandlerMethodMapping$MappingRegistry [main] Mapped "{[/gdashboard/envoy],methods=[POST],params=[Version=2019-09-01 && Action=UpdateRouteRuleProxy]}" onto public java.lang.String org.hango.cloud.ncegdashboard.envoy.web.controller.EnvoyRouteRuleProxyController.updateRouteRuleProxy(org.hango.cloud.ncegdashboard.envoy.web.dto.EnvoyRouteRuleProxyDto)
2021-06-24 16:47:24,920 INFO o.s.w.s.h.AbstractHandlerMethodMapping$MappingRegistry [main] Mapped "{[/gdashboard/envoy],methods=[GET],params=[Version=2019-09-01 && Action=DescribeServiceProxyForRouteProxy]}" onto public java.lang.Object org.hango.cloud.ncegdashboard.envoy.web.controller.EnvoyRouteRuleProxyController.describeServiceProxy(long,java.util.List<java.lang.Long>,long)
2021-06-24 16:47:24,937 INFO o.s.w.s.h.AbstractHandlerMethodMapping$MappingRegistry [main] Mapped "{[/gdashboard/envoy],methods=[POST],params=[Version=2019-09-01 && Action=UpdateService]}" onto public java.lang.Object org.hango.cloud.ncegdashboard.envoy.web.controller.EnvoyServiceInfoController.updateService(org.hango.cloud.ncegdashboard.envoy.web.dto.ServiceInfoDto)
2021-06-24 16:47:24,938 INFO o.s.w.s.h.AbstractHandlerMethodMapping$MappingRegistry [main] Mapped "{[/gdashboard/envoy],methods=[GET],params=[Version=2019-09-01 && Action=DescribeServiceForApi]}" onto public java.lang.Object org.hango.cloud.ncegdashboard.envoy.web.controller.EnvoyServiceInfoController.serviceListForCreateApiOrModel()
2021-06-24 16:47:24,938 INFO o.s.w.s.h.AbstractHandlerMethodMapping$MappingRegistry [main] Mapped "{[/gdashboard/envoy],methods=[GET],params=[Version=2019-09-01 && Action=DescribeServiceList]}" onto public java.lang.Object org.hango.cloud.ncegdashboard.envoy.web.controller.EnvoyServiceInfoController.serviceList(java.lang.String,long,long)
2021-06-24 16:47:24,938 INFO o.s.w.s.h.AbstractHandlerMethodMapping$MappingRegistry [main] Mapped "{[/gdashboard/envoy],methods=[GET],params=[Version=2019-09-01 && Action=DeleteService]}" onto public java.lang.Object org.hango.cloud.ncegdashboard.envoy.web.controller.EnvoyServiceInfoController.deleteService(long)
2021-06-24 16:47:24,938 INFO o.s.w.s.h.AbstractHandlerMethodMapping$MappingRegistry [main] Mapped "{[/gdashboard/envoy],methods=[GET],params=[Version=2019-09-01 && Action=DescribeServiceRoute]}" onto public java.lang.Object org.hango.cloud.ncegdashboard.envoy.web.controller.EnvoyServiceInfoController.getPublishedServiceInfoById(long)
2021-06-24 16:47:24,939 INFO o.s.w.s.h.AbstractHandlerMethodMapping$MappingRegistry [main] Mapped "{[/gdashboard/envoy],methods=[POST],params=[Version=2019-09-01 && Action=CreateService]}" onto public java.lang.Object org.hango.cloud.ncegdashboard.envoy.web.controller.EnvoyServiceInfoController.addService(org.hango.cloud.ncegdashboard.envoy.web.dto.ServiceInfoDto)
2021-06-24 16:47:24,939 INFO o.s.w.s.h.AbstractHandlerMethodMapping$MappingRegistry [main] Mapped "{[/gdashboard/envoy],methods=[GET],params=[Version=2019-09-01 && Action=DescribeServiceById]}" onto public java.lang.Object org.hango.cloud.ncegdashboard.envoy.web.controller.EnvoyServiceInfoController.getService(long)
2021-06-24 16:47:24,941 INFO o.s.w.s.h.AbstractHandlerMethodMapping$MappingRegistry [main] Mapped "{[/gdashboard/envoy],methods=[GET],params=[Version=2019-09-01 && Action=DeleteServiceProxy]}" onto public java.lang.String org.hango.cloud.ncegdashboard.envoy.web.controller.EnvoyServiceProxyController.deleteServiceProxy(long,long)
2021-06-24 16:47:24,941 INFO o.s.w.s.h.AbstractHandlerMethodMapping$MappingRegistry [main] Mapped "{[/gdashboard/envoy],methods=[GET],params=[Version=2019-09-01 && Action=DescribeServiceProxy]}" onto public java.lang.Object org.hango.cloud.ncegdashboard.envoy.web.controller.EnvoyServiceProxyController.describeServiceProxy(long,long)
2021-06-24 16:47:24,941 INFO o.s.w.s.h.AbstractHandlerMethodMapping$MappingRegistry [main] Mapped "{[/gdashboard/envoy],methods=[GET],params=[Version=2019-09-01 && Action=DescribeServiceListByGw]}" onto public java.lang.String org.hango.cloud.ncegdashboard.envoy.web.controller.EnvoyServiceProxyController.describeServiceList(long,java.lang.String,java.lang.String)
2021-06-24 16:47:24,943 INFO o.s.w.s.h.AbstractHandlerMethodMapping$MappingRegistry [main] Mapped "{[/gdashboard/envoy],methods=[POST],params=[Version=2019-09-01 && Action=PublishService]}" onto public java.lang.String org.hango.cloud.ncegdashboard.envoy.web.controller.EnvoyServiceProxyController.publishService(org.hango.cloud.ncegdashboard.envoy.web.dto.EnvoyServiceProxyDto)
2021-06-24 16:47:24,949 INFO o.s.w.s.h.AbstractHandlerMethodMapping$MappingRegistry [main] Mapped "{[/gdashboard/envoy],methods=[POST],params=[Version=2019-09-01 && Action=UpdateServiceProxy]}" onto public java.lang.String org.hango.cloud.ncegdashboard.envoy.web.controller.EnvoyServiceProxyController.updatePublishService(org.hango.cloud.ncegdashboard.envoy.web.dto.EnvoyServiceProxyDto)
2021-06-24 16:47:24,953 INFO o.s.w.s.h.AbstractHandlerMethodMapping$MappingRegistry [main] Mapped "{[/gdashboard/envoy],methods=[GET],params=[Version=2019-09-01 && Action=DescribeServiceProxyList]}" onto public java.lang.Object org.hango.cloud.ncegdashboard.envoy.web.controller.EnvoyServiceProxyController.serviceProxyList(long,long,java.lang.String,long,long)
2021-06-24 16:47:24,968 INFO o.s.w.s.h.AbstractHandlerMethodMapping$MappingRegistry [main] Mapped "{[/gdashboard/envoy],methods=[GET],params=[Version=2019-09-01 && Action=DescribeSwaggerServiceById]}" onto public void org.hango.cloud.ncegdashboard.envoy.web.controller.SwaggerController.getServicesDocs(long) throws com.fasterxml.jackson.core.JsonProcessingException
2021-06-24 16:47:24,969 INFO o.s.w.s.h.AbstractHandlerMethodMapping$MappingRegistry [main] Mapped "{[/gdashboard/envoy],methods=[GET],params=[Version=2019-09-01 && Action=DescribeSwaggerApiById]}" onto public void org.hango.cloud.ncegdashboard.envoy.web.controller.SwaggerController.getInterfacesDocs(long) throws com.fasterxml.jackson.core.JsonProcessingException
2021-06-24 16:47:24,969 INFO o.s.w.s.h.AbstractHandlerMethodMapping$MappingRegistry [main] Mapped "{[/gdashboard/envoy],methods=[GET],params=[Version=2019-09-01 && Action=DescribeMarkdownApiById]}" onto public java.lang.Object org.hango.cloud.ncegdashboard.envoy.web.controller.SwaggerController.getApiMarkDownDocs(long) throws com.fasterxml.jackson.core.JsonProcessingException,java.lang.Exception
2021-06-24 16:47:24,969 INFO o.s.w.s.h.AbstractHandlerMethodMapping$MappingRegistry [main] Mapped "{[/gdashboard/envoy],methods=[GET],params=[Version=2019-09-01 && Action=DescribeMarkdownServiceById]}" onto public java.lang.Object org.hango.cloud.ncegdashboard.envoy.web.controller.SwaggerController.getServiceMarkDownDocs(long)
2021-06-24 16:47:24,970 INFO o.s.w.s.h.AbstractHandlerMethodMapping$MappingRegistry [main] Mapped "{[/gdashboard/envoy],methods=[GET],params=[Version=2019-09-01 && Action=DownloadMarkdownApiById],produces=[application/octet-stream;charset=UTF-8]}" onto public java.lang.Object org.hango.cloud.ncegdashboard.envoy.web.controller.SwaggerController.downloadApiMarkDownDocs(long) throws com.fasterxml.jackson.core.JsonProcessingException,java.lang.Exception
2021-06-24 16:47:24,970 INFO o.s.w.s.h.AbstractHandlerMethodMapping$MappingRegistry [main] Mapped "{[/gdashboard/envoy],methods=[GET],params=[Version=2019-09-01 && Action=DownloadMarkdownServiceById],produces=[application/octet-stream;charset=UTF-8]}" onto public java.lang.Object org.hango.cloud.ncegdashboard.envoy.web.controller.SwaggerController.downloadServiceMarkDownDocs(long)
2021-06-24 16:47:24,971 INFO o.s.w.s.h.AbstractHandlerMethodMapping$MappingRegistry [main] Mapped "{[/gdashboard/envoy],methods=[POST],params=[Version=2019-09-01 && Action=CreateApi]}" onto public java.lang.Object org.hango.cloud.ncegdashboard.envoy.web.controller.api.ApiBasicInfoController.addApi(org.hango.cloud.gdashboard.api.dto.ApiInfoBasicDto)
2021-06-24 16:47:24,972 INFO o.s.w.s.h.AbstractHandlerMethodMapping$MappingRegistry [main] Mapped "{[/gdashboard/envoy],methods=[GET],params=[Version=2019-09-01 && Action=DescribeApiById]}" onto public java.lang.Object org.hango.cloud.ncegdashboard.envoy.web.controller.api.ApiBasicInfoController.getApiInfo(long)
2021-06-24 16:47:24,973 INFO o.s.w.s.h.AbstractHandlerMethodMapping$MappingRegistry [main] Mapped "{[/gdashboard/envoy],methods=[POST],params=[Version=2019-09-01 && Action=UpdateApi]}" onto public java.lang.Object org.hango.cloud.ncegdashboard.envoy.web.controller.api.ApiBasicInfoController.updateApi(org.hango.cloud.gdashboard.api.dto.ApiInfoBasicDto)
2021-06-24 16:47:24,973 INFO o.s.w.s.h.AbstractHandlerMethodMapping$MappingRegistry [main] Mapped "{[/gdashboard/envoy],methods=[GET],params=[Version=2019-09-01 && Action=DeleteApiById]}" onto public java.lang.Object org.hango.cloud.ncegdashboard.envoy.web.controller.api.ApiBasicInfoController.deleteApi(long)
2021-06-24 16:47:24,973 INFO o.s.w.s.h.AbstractHandlerMethodMapping$MappingRegistry [main] Mapped "{[/gdashboard/envoy],methods=[GET],params=[Version=2019-09-01 && Action=DescribeApiListByLimit]}" onto public java.lang.Object org.hango.cloud.ncegdashboard.envoy.web.controller.api.ApiBasicInfoController.apiList(java.lang.String,long,long,long,long)
2021-06-24 16:47:24,982 INFO o.s.w.s.h.AbstractHandlerMethodMapping$MappingRegistry [main] Mapped "{[/gdashboard/envoy],methods=[GET],params=[Version=2019-09-01 && Action=DescribeStatusCode]}" onto public java.lang.Object org.hango.cloud.ncegdashboard.envoy.web.controller.api.ApiBodyController.getStatusCode(long)
2021-06-24 16:47:24,982 INFO o.s.w.s.h.AbstractHandlerMethodMapping$MappingRegistry [main] Mapped "{[/gdashboard/envoy],methods=[GET],params=[Version=2019-09-01 && Action=DescribeResponseBody]}" onto public java.lang.Object org.hango.cloud.ncegdashboard.envoy.web.controller.api.ApiBodyController.getResponseBody(long)
2021-06-24 16:47:24,982 INFO o.s.w.s.h.AbstractHandlerMethodMapping$MappingRegistry [main] Mapped "{[/gdashboard/envoy],methods=[POST],params=[Version=2019-09-01 && Action=CreateRequestBody]}" onto public java.lang.Object org.hango.cloud.ncegdashboard.envoy.web.controller.api.ApiBodyController.addRequestBody(org.hango.cloud.gdashboard.api.dto.ApiBodysDto)
2021-06-24 16:47:24,983 INFO o.s.w.s.h.AbstractHandlerMethodMapping$MappingRegistry [main] Mapped "{[/gdashboard/envoy],methods=[POST],params=[Version=2019-09-01 && Action=CreateQueryString]}" onto public java.lang.Object org.hango.cloud.ncegdashboard.envoy.web.controller.api.ApiBodyController.addQueryString(org.hango.cloud.gdashboard.api.dto.ApiBodysDto)
2021-06-24 16:47:24,983 INFO o.s.w.s.h.AbstractHandlerMethodMapping$MappingRegistry [main] Mapped "{[/gdashboard/envoy],methods=[POST],params=[Version=2019-09-01 && Action=CreateStatusCode]}" onto public java.lang.Object org.hango.cloud.ncegdashboard.envoy.web.controller.api.ApiBodyController.addStatusCode(org.hango.cloud.gdashboard.api.dto.ApiStatusCodesDto)
2021-06-24 16:47:24,985 INFO o.s.w.s.h.AbstractHandlerMethodMapping$MappingRegistry [main] Mapped "{[/gdashboard/envoy],methods=[POST],params=[Version=2019-09-01 && Action=CreateResponseBody]}" onto public java.lang.Object org.hango.cloud.ncegdashboard.envoy.web.controller.api.ApiBodyController.addResponseBody(org.hango.cloud.gdashboard.api.dto.ApiBodysDto)
2021-06-24 16:47:24,987 INFO o.s.w.s.h.AbstractHandlerMethodMapping$MappingRegistry [main] Mapped "{[/gdashboard/envoy],methods=[GET],params=[Version=2019-09-01 && Action=DescribeRequestBody]}" onto public java.lang.Object org.hango.cloud.ncegdashboard.envoy.web.controller.api.ApiBodyController.getRequestBody(long)
2021-06-24 16:47:24,988 INFO o.s.w.s.h.AbstractHandlerMethodMapping$MappingRegistry [main] Mapped "{[/gdashboard/envoy],methods=[POST],params=[Version=2019-09-01 && Action=GenerateBodyByJson]}" onto public java.lang.Object org.hango.cloud.ncegdashboard.envoy.web.controller.api.ApiBodyController.addBodyByJson(org.hango.cloud.gdashboard.api.dto.ApiBodyJsonDto)
2021-06-24 16:47:24,989 INFO o.s.w.s.h.AbstractHandlerMethodMapping$MappingRegistry [main] Mapped "{[/gdashboard/envoy],methods=[GET],params=[Version=2019-09-01 && Action=DescribeBodyParamJson]}" onto public java.lang.Object org.hango.cloud.ncegdashboard.envoy.web.controller.api.ApiBodyController.getBodyJson(java.lang.String,long)
2021-06-24 16:47:24,989 INFO o.s.w.s.h.AbstractHandlerMethodMapping$MappingRegistry [main] Mapped "{[/gdashboard/envoy],methods=[GET],params=[Version=2019-09-01 && Action=DeleteBodyParamId]}" onto public java.lang.Object org.hango.cloud.ncegdashboard.envoy.web.controller.api.ApiBodyController.deleteBodyParamId(java.lang.Long)
2021-06-24 16:47:24,990 INFO o.s.w.s.h.AbstractHandlerMethodMapping$MappingRegistry [main] Mapped "{[/gdashboard/envoy],methods=[GET],params=[Version=2019-09-01 && Action=DescribeQueryString]}" onto public java.lang.Object org.hango.cloud.ncegdashboard.envoy.web.controller.api.ApiBodyController.getQueryString(long)
2021-06-24 16:47:24,992 INFO o.s.w.s.h.AbstractHandlerMethodMapping$MappingRegistry [main] Mapped "{[/gdashboard/envoy],methods=[GET],params=[Version=2019-09-01 && Action=DescribeExample]}" onto public java.lang.Object org.hango.cloud.ncegdashboard.envoy.web.controller.api.ApiEdgeInfoController.getExample(long)
2021-06-24 16:47:24,992 INFO o.s.w.s.h.AbstractHandlerMethodMapping$MappingRegistry [main] Mapped "{[/gdashboard/envoy],methods=[POST],params=[Version=2019-09-01 && Action=CreateApiExample]}" onto public java.lang.Object org.hango.cloud.ncegdashboard.envoy.web.controller.api.ApiEdgeInfoController.addExample(org.hango.cloud.gdashboard.api.dto.ApiExampleDto)
2021-06-24 16:47:24,992 INFO o.s.w.s.h.AbstractHandlerMethodMapping$MappingRegistry [main] Mapped "{[/gdashboard/envoy],methods=[GET],params=[Version=2019-09-01 && Action=DescribeOperationList]}" onto public java.lang.Object org.hango.cloud.ncegdashboard.envoy.web.controller.api.ApiEdgeInfoController.getOperationlist(long,long,long)
2021-06-24 16:47:24,998 INFO o.s.w.s.h.AbstractHandlerMethodMapping$MappingRegistry [main] Mapped "{[/gdashboard/envoy],methods=[POST],params=[Version=2019-09-01 && Action=CreateRequestHeader]}" onto public java.lang.Object org.hango.cloud.ncegdashboard.envoy.web.controller.api.ApiHeaderController.addRequestHeader(org.hango.cloud.gdashboard.api.dto.ApiHeadersDto)
2021-06-24 16:47:24,998 INFO o.s.w.s.h.AbstractHandlerMethodMapping$MappingRegistry [main] Mapped "{[/gdashboard/envoy],methods=[POST],params=[Version=2019-09-01 && Action=CreateResponseHeader]}" onto public java.lang.Object org.hango.cloud.ncegdashboard.envoy.web.controller.api.ApiHeaderController.addResponseHeader(org.hango.cloud.gdashboard.api.dto.ApiHeadersDto)
2021-06-24 16:47:24,998 INFO o.s.w.s.h.AbstractHandlerMethodMapping$MappingRegistry [main] Mapped "{[/gdashboard/envoy],methods=[GET],params=[Version=2019-09-01 && Action=DescribeRequestHeader]}" onto public java.lang.Object org.hango.cloud.ncegdashboard.envoy.web.controller.api.ApiHeaderController.getRequestHeader(long)
2021-06-24 16:47:24,998 INFO o.s.w.s.h.AbstractHandlerMethodMapping$MappingRegistry [main] Mapped "{[/gdashboard/envoy],methods=[GET],params=[Version=2019-09-01 && Action=DescribeResponseHeader]}" onto public java.lang.Object org.hango.cloud.ncegdashboard.envoy.web.controller.api.ApiHeaderController.getResponseHeader(long)
2021-06-24 16:47:24,998 INFO o.s.w.s.h.AbstractHandlerMethodMapping$MappingRegistry [main] Mapped "{[/gdashboard/envoy],methods=[GET],params=[Version=2019-09-01 && Action=DeleteHeaderByParamId]}" onto public java.lang.Object org.hango.cloud.ncegdashboard.envoy.web.controller.api.ApiHeaderController.deleteHeaderParam(java.lang.Long)
2021-06-24 16:47:25,013 INFO o.s.w.s.h.AbstractHandlerMethodMapping$MappingRegistry [main] Mapped "{[/gdashboard/envoy],methods=[POST],params=[Version=2019-09-01 && Action=CreateApiModel]}" onto public java.lang.Object org.hango.cloud.ncegdashboard.envoy.web.controller.api.ApiModelController.addModel(org.hango.cloud.gdashboard.api.dto.CreateApiModelDto)
2021-06-24 16:47:25,014 INFO o.s.w.s.h.AbstractHandlerMethodMapping$MappingRegistry [main] Mapped "{[/gdashboard/envoy],methods=[POST],params=[Version=2019-09-01 && Action=UpdateApiModel]}" onto public java.lang.Object org.hango.cloud.ncegdashboard.envoy.web.controller.api.ApiModelController.modifyModel(org.hango.cloud.gdashboard.api.dto.CreateApiModelDto)
2021-06-24 16:47:25,014 INFO o.s.w.s.h.AbstractHandlerMethodMapping$MappingRegistry [main] Mapped "{[/gdashboard/envoy],methods=[GET],params=[Version=2019-09-01 && Action=DescribeApiModel]}" onto public java.lang.String org.hango.cloud.ncegdashboard.envoy.web.controller.api.ApiModelController.describeApiModel(long)
2021-06-24 16:47:25,015 INFO o.s.w.s.h.AbstractHandlerMethodMapping$MappingRegistry [main] Mapped "{[/gdashboard/envoy],methods=[GET],params=[Version=2019-09-01 && Action=DescribeModelList]}" onto public java.lang.String org.hango.cloud.ncegdashboard.envoy.web.controller.api.ApiModelController.describeApiModels(java.lang.String,long,long,long)
2021-06-24 16:47:25,015 INFO o.s.w.s.h.AbstractHandlerMethodMapping$MappingRegistry [main] Mapped "{[/gdashboard/envoy],methods=[GET],params=[Version=2019-09-01 && Action=DeleteApiModel]}" onto public java.lang.String org.hango.cloud.ncegdashboard.envoy.web.controller.api.ApiModelController.deleteApiModelByModelId(long)
2021-06-24 16:47:25,016 INFO o.s.w.s.h.AbstractHandlerMethodMapping$MappingRegistry [main] Mapped "{[/gdashboard/envoy],methods=[GET],params=[Version=2019-09-01 && Action=DescribeHeaderParamType]}" onto public java.lang.Object org.hango.cloud.ncegdashboard.envoy.web.controller.api.ApiParamTypeController.describeHeaderParam()
2021-06-24 16:47:25,016 INFO o.s.w.s.h.AbstractHandlerMethodMapping$MappingRegistry [main] Mapped "{[/gdashboard/envoy],methods=[GET],params=[Version=2019-09-01 && Action=DescribeQueryStringParamType]}" onto public java.lang.Object org.hango.cloud.ncegdashboard.envoy.web.controller.api.ApiParamTypeController.describeQueryStringParam()
2021-06-24 16:47:25,016 INFO o.s.w.s.h.AbstractHandlerMethodMapping$MappingRegistry [main] Mapped "{[/gdashboard/envoy],methods=[GET],params=[Version=2019-09-01 && Action=DescribeBodyParam]}" onto public java.lang.Object org.hango.cloud.ncegdashboard.envoy.web.controller.api.ApiParamTypeController.describeBodyParam(java.lang.Long)
2021-06-24 16:47:25,016 INFO o.s.w.s.h.AbstractHandlerMethodMapping$MappingRegistry [main] Mapped "{[/gdashboard/envoy],methods=[GET],params=[Version=2019-09-01 && Action=DescribeApiDocument]}" onto public java.lang.Object org.hango.cloud.ncegdashboard.envoy.web.controller.api.ApiParamTypeController.describeApiDocument()
2021-06-24 16:47:25,022 INFO o.s.w.s.h.AbstractHandlerMethodMapping$MappingRegistry [main] Mapped "{[/healthcheck],methods=[GET]}" onto public java.lang.Object org.hango.cloud.ncegdashboard.envoy.web.controller.health.HealthCheckController.return200()
2021-06-24 16:47:25,041 INFO o.s.w.s.h.AbstractHandlerMethodMapping$MappingRegistry [main] Mapped "{[/error],produces=[text/html]}" onto public org.springframework.web.servlet.ModelAndView org.springframework.boot.autoconfigure.web.BasicErrorController.errorHtml(javax.servlet.http.HttpServletRequest,javax.servlet.http.HttpServletResponse)
2021-06-24 16:47:25,042 INFO o.s.w.s.h.AbstractHandlerMethodMapping$MappingRegistry [main] Mapped "{[/error]}" onto public org.springframework.http.ResponseEntity<java.util.Map<java.lang.String, java.lang.Object>> org.springframework.boot.autoconfigure.web.BasicErrorController.error(javax.servlet.http.HttpServletRequest)
2021-06-24 16:47:25,127 INFO o.s.w.s.h.AbstractUrlHandlerMapping [main] Mapped URL path [/webjars/**] onto handler of type [class org.springframework.web.servlet.resource.ResourceHttpRequestHandler]
2021-06-24 16:47:25,128 INFO o.s.w.s.h.AbstractUrlHandlerMapping [main] Mapped URL path [/**] onto handler of type [class org.springframework.web.servlet.resource.ResourceHttpRequestHandler]
2021-06-24 16:47:25,168 INFO o.s.w.s.m.m.a.ExceptionHandlerExceptionResolver [main] Detected @ExceptionHandler methods in commonControllerAdvice
2021-06-24 16:47:25,231 INFO o.s.w.s.h.AbstractUrlHandlerMapping [main] Mapped URL path [/**/favicon.ico] onto handler of type [class org.springframework.web.servlet.resource.ResourceHttpRequestHandler]
2021-06-24 16:47:25,918 INFO o.s.j.e.MBeanExporter [main] Registering beans for JMX exposure on startup
2021-06-24 16:47:26,001 INFO o.a.j.l.DirectJDKLog [main] Initializing ProtocolHandler ["http-nio-8898"]
2021-06-24 16:47:26,026 INFO o.a.j.l.DirectJDKLog [main] Starting ProtocolHandler ["http-nio-8898"]
2021-06-24 16:47:26,057 INFO o.a.j.l.DirectJDKLog [main] Using a shared selector for servlet write/read
2021-06-24 16:47:26,079 INFO o.s.b.c.e.t.TomcatEmbeddedServletContainer [main] Tomcat started on port(s): 8898 (http)
2021-06-24 16:47:26,089 INFO o.s.b.StartupInfoLogger [main] Started NceGdashboardApplication in 11.602 seconds (JVM running for 13.448)
2021-06-24 16:59:52,111 INFO o.s.c.s.AbstractApplicationContext [Thread-4] Closing org.springframework.boot.context.embedded.AnnotationConfigEmbeddedWebApplicationContext@6492fab5: startup date [Thu Jun 24 16:47:15 CST 2021]; root of context hierarchy
